сен 23, 2024 9:40:48 PM com.genuitec.pulse.client.deliverypackage.runtime.internal.Activator initializeLoggers
INFO: Package starting up at Mon Sep 23 21:40:48 SAMT 2024
сен 23, 2024 9:40:49 PM com.genuitec.pulse.client.deliverypackage.runtime.UpdatesService checkForWorkspaceUpdates
INFO: Latest version of package has already been enabled in the workspace; check finished in 2ms
сен 23, 2024 9:40:50 PM com.genuitec.pulse.client.deliverypackage.runtime.UpdatesService checkForUpdates
INFO: Latest version of package is installed; update check finished in 905ms
сен 23, 2024 9:40:54 PM org.glassfish.grizzly.nio.NIOTransport start
INFO: Adjusting kernel thread pool to max size 9 to handle configured number of SelectorRunners
сен 23, 2024 9:40:54 PM org.glassfish.grizzly.http.server.NetworkListener start
INFO: Started listener bound to [127.0.0.1:54823]
сен 23, 2024 9:40:54 PM org.glassfish.grizzly.http.server.HttpServer start
INFO: [HttpServer] Started.
сен 23, 2024 9:40:54 PM org.glassfish.tyrus.server.Server start
INFO: WebSocket Registered apps: URLs all start with ws://127.0.0.1:54823
сен 23, 2024 9:40:54 PM org.glassfish.tyrus.server.Server start
INFO: WebSocket server started.
сен 23, 2024 9:41:16 PM org.glassfish.grizzly.http.server.NetworkListener shutdownNow
INFO: Stopped listener bound to [127.0.0.1:54823]
сен 23, 2024 9:41:16 PM org.glassfish.tyrus.server.Server stop
INFO: Websocket Server stopped.
